ERROR - 2026-05-19 06:10:38 --> Error connecting to the database: ErrorException: Trying to access array offset on value of type null in /home/finaritra/Documents/S4-design/codeigniter_sqlite/system/Database/MySQLi/Connection.php:105
Stack trace:
#0 /home/finaritra/Documents/S4-design/codeigniter_sqlite/system/Database/MySQLi/Connection.php(105): CodeIgniter\Debug\Exceptions->errorHandler()
#1 /home/finaritra/Documents/S4-design/codeigniter_sqlite/system/Database/BaseConnection.php(555): CodeIgniter\Database\MySQLi\Connection->connect()
#2 /home/finaritra/Documents/S4-design/codeigniter_sqlite/system/Database/BaseConnection.php(795): CodeIgniter\Database\BaseConnection->initialize()
#3 /home/finaritra/Documents/S4-design/codeigniter_sqlite/app/Controllers/Test.php(14): CodeIgniter\Database\BaseConnection->query()
#4 /home/finaritra/Documents/S4-design/codeigniter_sqlite/system/CodeIgniter.php(951): App\Controllers\Test->index()
#5 /home/finaritra/Documents/S4-design/codeigniter_sqlite/system/CodeIgniter.php(497): CodeIgniter\CodeIgniter->runController()
#6 /home/finaritra/Documents/S4-design/codeigniter_sqlite/system/CodeIgniter.php(340): CodeIgniter\CodeIgniter->handleRequest()
#7 /home/finaritra/Documents/S4-design/codeigniter_sqlite/system/Boot.php(417): CodeIgniter\CodeIgniter->run()
#8 /home/finaritra/Documents/S4-design/codeigniter_sqlite/system/Boot.php(68): CodeIgniter\Boot::runCodeIgniter()
#9 /home/finaritra/Documents/S4-design/codeigniter_sqlite/public/index.php(59): CodeIgniter\Boot::bootWeb()
#10 {main}
CRITICAL - 2026-05-19 06:10:38 --> CodeIgniter\Database\Exceptions\DatabaseException: Unable to connect to the database.
Main connection [MySQLi]: Trying to access array offset on value of type null
[Method: GET, Route: test]
in SYSTEMPATH/Database/BaseConnection.php on line 606.
 1 SYSTEMPATH/Database/BaseConnection.php(795): CodeIgniter\Database\BaseConnection->initialize()
 2 APPPATH/Controllers/Test.php(14): CodeIgniter\Database\BaseConnection->query()
 3 SYSTEMPATH/CodeIgniter.php(951): App\Controllers\Test->index()
 4 SYSTEMPATH/CodeIgniter.php(497): CodeIgniter\CodeIgniter->runController()
 5 SYSTEMPATH/CodeIgniter.php(340): CodeIgniter\CodeIgniter->handleRequest()
 6 SYSTEMPATH/Boot.php(417): CodeIgniter\CodeIgniter->run()
 7 SYSTEMPATH/Boot.php(68): CodeIgniter\Boot::runCodeIgniter()
 8 FCPATH/index.php(59): CodeIgniter\Boot::bootWeb()
ERROR - 2026-05-19 06:12:14 --> Error connecting to the database: ErrorException: Trying to access array offset on value of type null in /home/finaritra/Documents/S4-design/codeigniter_sqlite/system/Database/MySQLi/Connection.php:105
Stack trace:
#0 /home/finaritra/Documents/S4-design/codeigniter_sqlite/system/Database/MySQLi/Connection.php(105): CodeIgniter\Debug\Exceptions->errorHandler()
#1 /home/finaritra/Documents/S4-design/codeigniter_sqlite/system/Database/BaseConnection.php(555): CodeIgniter\Database\MySQLi\Connection->connect()
#2 /home/finaritra/Documents/S4-design/codeigniter_sqlite/system/Database/BaseConnection.php(795): CodeIgniter\Database\BaseConnection->initialize()
#3 /home/finaritra/Documents/S4-design/codeigniter_sqlite/app/Controllers/Test.php(14): CodeIgniter\Database\BaseConnection->query()
#4 /home/finaritra/Documents/S4-design/codeigniter_sqlite/system/CodeIgniter.php(951): App\Controllers\Test->index()
#5 /home/finaritra/Documents/S4-design/codeigniter_sqlite/system/CodeIgniter.php(497): CodeIgniter\CodeIgniter->runController()
#6 /home/finaritra/Documents/S4-design/codeigniter_sqlite/system/CodeIgniter.php(340): CodeIgniter\CodeIgniter->handleRequest()
#7 /home/finaritra/Documents/S4-design/codeigniter_sqlite/system/Boot.php(417): CodeIgniter\CodeIgniter->run()
#8 /home/finaritra/Documents/S4-design/codeigniter_sqlite/system/Boot.php(68): CodeIgniter\Boot::runCodeIgniter()
#9 /home/finaritra/Documents/S4-design/codeigniter_sqlite/public/index.php(59): CodeIgniter\Boot::bootWeb()
#10 {main}
CRITICAL - 2026-05-19 06:12:14 --> CodeIgniter\Database\Exceptions\DatabaseException: Unable to connect to the database.
Main connection [MySQLi]: Trying to access array offset on value of type null
[Method: GET, Route: test]
in SYSTEMPATH/Database/BaseConnection.php on line 606.
 1 SYSTEMPATH/Database/BaseConnection.php(795): CodeIgniter\Database\BaseConnection->initialize()
 2 APPPATH/Controllers/Test.php(14): CodeIgniter\Database\BaseConnection->query()
 3 SYSTEMPATH/CodeIgniter.php(951): App\Controllers\Test->index()
 4 SYSTEMPATH/CodeIgniter.php(497): CodeIgniter\CodeIgniter->runController()
 5 SYSTEMPATH/CodeIgniter.php(340): CodeIgniter\CodeIgniter->handleRequest()
 6 SYSTEMPATH/Boot.php(417): CodeIgniter\CodeIgniter->run()
 7 SYSTEMPATH/Boot.php(68): CodeIgniter\Boot::runCodeIgniter()
 8 FCPATH/index.php(59): CodeIgniter\Boot::bootWeb()
ERROR - 2026-05-19 06:12:15 --> Error connecting to the database: ErrorException: Trying to access array offset on value of type null in /home/finaritra/Documents/S4-design/codeigniter_sqlite/system/Database/MySQLi/Connection.php:105
Stack trace:
#0 /home/finaritra/Documents/S4-design/codeigniter_sqlite/system/Database/MySQLi/Connection.php(105): CodeIgniter\Debug\Exceptions->errorHandler()
#1 /home/finaritra/Documents/S4-design/codeigniter_sqlite/system/Database/BaseConnection.php(555): CodeIgniter\Database\MySQLi\Connection->connect()
#2 /home/finaritra/Documents/S4-design/codeigniter_sqlite/system/Database/BaseConnection.php(795): CodeIgniter\Database\BaseConnection->initialize()
#3 /home/finaritra/Documents/S4-design/codeigniter_sqlite/app/Controllers/Test.php(14): CodeIgniter\Database\BaseConnection->query()
#4 /home/finaritra/Documents/S4-design/codeigniter_sqlite/system/CodeIgniter.php(951): App\Controllers\Test->index()
#5 /home/finaritra/Documents/S4-design/codeigniter_sqlite/system/CodeIgniter.php(497): CodeIgniter\CodeIgniter->runController()
#6 /home/finaritra/Documents/S4-design/codeigniter_sqlite/system/CodeIgniter.php(340): CodeIgniter\CodeIgniter->handleRequest()
#7 /home/finaritra/Documents/S4-design/codeigniter_sqlite/system/Boot.php(417): CodeIgniter\CodeIgniter->run()
#8 /home/finaritra/Documents/S4-design/codeigniter_sqlite/system/Boot.php(68): CodeIgniter\Boot::runCodeIgniter()
#9 /home/finaritra/Documents/S4-design/codeigniter_sqlite/public/index.php(59): CodeIgniter\Boot::bootWeb()
#10 {main}
CRITICAL - 2026-05-19 06:12:15 --> CodeIgniter\Database\Exceptions\DatabaseException: Unable to connect to the database.
Main connection [MySQLi]: Trying to access array offset on value of type null
[Method: GET, Route: test]
in SYSTEMPATH/Database/BaseConnection.php on line 606.
 1 SYSTEMPATH/Database/BaseConnection.php(795): CodeIgniter\Database\BaseConnection->initialize()
 2 APPPATH/Controllers/Test.php(14): CodeIgniter\Database\BaseConnection->query()
 3 SYSTEMPATH/CodeIgniter.php(951): App\Controllers\Test->index()
 4 SYSTEMPATH/CodeIgniter.php(497): CodeIgniter\CodeIgniter->runController()
 5 SYSTEMPATH/CodeIgniter.php(340): CodeIgniter\CodeIgniter->handleRequest()
 6 SYSTEMPATH/Boot.php(417): CodeIgniter\CodeIgniter->run()
 7 SYSTEMPATH/Boot.php(68): CodeIgniter\Boot::runCodeIgniter()
 8 FCPATH/index.php(59): CodeIgniter\Boot::bootWeb()
ERROR - 2026-05-19 06:12:15 --> Error connecting to the database: ErrorException: Trying to access array offset on value of type null in /home/finaritra/Documents/S4-design/codeigniter_sqlite/system/Database/MySQLi/Connection.php:105
Stack trace:
#0 /home/finaritra/Documents/S4-design/codeigniter_sqlite/system/Database/MySQLi/Connection.php(105): CodeIgniter\Debug\Exceptions->errorHandler()
#1 /home/finaritra/Documents/S4-design/codeigniter_sqlite/system/Database/BaseConnection.php(555): CodeIgniter\Database\MySQLi\Connection->connect()
#2 /home/finaritra/Documents/S4-design/codeigniter_sqlite/system/Database/BaseConnection.php(795): CodeIgniter\Database\BaseConnection->initialize()
#3 /home/finaritra/Documents/S4-design/codeigniter_sqlite/app/Controllers/Test.php(14): CodeIgniter\Database\BaseConnection->query()
#4 /home/finaritra/Documents/S4-design/codeigniter_sqlite/system/CodeIgniter.php(951): App\Controllers\Test->index()
#5 /home/finaritra/Documents/S4-design/codeigniter_sqlite/system/CodeIgniter.php(497): CodeIgniter\CodeIgniter->runController()
#6 /home/finaritra/Documents/S4-design/codeigniter_sqlite/system/CodeIgniter.php(340): CodeIgniter\CodeIgniter->handleRequest()
#7 /home/finaritra/Documents/S4-design/codeigniter_sqlite/system/Boot.php(417): CodeIgniter\CodeIgniter->run()
#8 /home/finaritra/Documents/S4-design/codeigniter_sqlite/system/Boot.php(68): CodeIgniter\Boot::runCodeIgniter()
#9 /home/finaritra/Documents/S4-design/codeigniter_sqlite/public/index.php(59): CodeIgniter\Boot::bootWeb()
#10 {main}
CRITICAL - 2026-05-19 06:12:15 --> CodeIgniter\Database\Exceptions\DatabaseException: Unable to connect to the database.
Main connection [MySQLi]: Trying to access array offset on value of type null
[Method: GET, Route: test]
in SYSTEMPATH/Database/BaseConnection.php on line 606.
 1 SYSTEMPATH/Database/BaseConnection.php(795): CodeIgniter\Database\BaseConnection->initialize()
 2 APPPATH/Controllers/Test.php(14): CodeIgniter\Database\BaseConnection->query()
 3 SYSTEMPATH/CodeIgniter.php(951): App\Controllers\Test->index()
 4 SYSTEMPATH/CodeIgniter.php(497): CodeIgniter\CodeIgniter->runController()
 5 SYSTEMPATH/CodeIgniter.php(340): CodeIgniter\CodeIgniter->handleRequest()
 6 SYSTEMPATH/Boot.php(417): CodeIgniter\CodeIgniter->run()
 7 SYSTEMPATH/Boot.php(68): CodeIgniter\Boot::runCodeIgniter()
 8 FCPATH/index.php(59): CodeIgniter\Boot::bootWeb()
ERROR - 2026-05-19 06:12:15 --> Error connecting to the database: ErrorException: Trying to access array offset on value of type null in /home/finaritra/Documents/S4-design/codeigniter_sqlite/system/Database/MySQLi/Connection.php:105
Stack trace:
#0 /home/finaritra/Documents/S4-design/codeigniter_sqlite/system/Database/MySQLi/Connection.php(105): CodeIgniter\Debug\Exceptions->errorHandler()
#1 /home/finaritra/Documents/S4-design/codeigniter_sqlite/system/Database/BaseConnection.php(555): CodeIgniter\Database\MySQLi\Connection->connect()
#2 /home/finaritra/Documents/S4-design/codeigniter_sqlite/system/Database/BaseConnection.php(795): CodeIgniter\Database\BaseConnection->initialize()
#3 /home/finaritra/Documents/S4-design/codeigniter_sqlite/app/Controllers/Test.php(14): CodeIgniter\Database\BaseConnection->query()
#4 /home/finaritra/Documents/S4-design/codeigniter_sqlite/system/CodeIgniter.php(951): App\Controllers\Test->index()
#5 /home/finaritra/Documents/S4-design/codeigniter_sqlite/system/CodeIgniter.php(497): CodeIgniter\CodeIgniter->runController()
#6 /home/finaritra/Documents/S4-design/codeigniter_sqlite/system/CodeIgniter.php(340): CodeIgniter\CodeIgniter->handleRequest()
#7 /home/finaritra/Documents/S4-design/codeigniter_sqlite/system/Boot.php(417): CodeIgniter\CodeIgniter->run()
#8 /home/finaritra/Documents/S4-design/codeigniter_sqlite/system/Boot.php(68): CodeIgniter\Boot::runCodeIgniter()
#9 /home/finaritra/Documents/S4-design/codeigniter_sqlite/public/index.php(59): CodeIgniter\Boot::bootWeb()
#10 {main}
CRITICAL - 2026-05-19 06:12:15 --> CodeIgniter\Database\Exceptions\DatabaseException: Unable to connect to the database.
Main connection [MySQLi]: Trying to access array offset on value of type null
[Method: GET, Route: test]
in SYSTEMPATH/Database/BaseConnection.php on line 606.
 1 SYSTEMPATH/Database/BaseConnection.php(795): CodeIgniter\Database\BaseConnection->initialize()
 2 APPPATH/Controllers/Test.php(14): CodeIgniter\Database\BaseConnection->query()
 3 SYSTEMPATH/CodeIgniter.php(951): App\Controllers\Test->index()
 4 SYSTEMPATH/CodeIgniter.php(497): CodeIgniter\CodeIgniter->runController()
 5 SYSTEMPATH/CodeIgniter.php(340): CodeIgniter\CodeIgniter->handleRequest()
 6 SYSTEMPATH/Boot.php(417): CodeIgniter\CodeIgniter->run()
 7 SYSTEMPATH/Boot.php(68): CodeIgniter\Boot::runCodeIgniter()
 8 FCPATH/index.php(59): CodeIgniter\Boot::bootWeb()
ERROR - 2026-05-19 06:12:27 --> Error connecting to the database: ErrorException: Trying to access array offset on value of type null in /home/finaritra/Documents/S4-design/codeigniter_sqlite/system/Database/MySQLi/Connection.php:105
Stack trace:
#0 /home/finaritra/Documents/S4-design/codeigniter_sqlite/system/Database/MySQLi/Connection.php(105): CodeIgniter\Debug\Exceptions->errorHandler()
#1 /home/finaritra/Documents/S4-design/codeigniter_sqlite/system/Database/BaseConnection.php(555): CodeIgniter\Database\MySQLi\Connection->connect()
#2 /home/finaritra/Documents/S4-design/codeigniter_sqlite/system/Database/BaseConnection.php(795): CodeIgniter\Database\BaseConnection->initialize()
#3 /home/finaritra/Documents/S4-design/codeigniter_sqlite/app/Controllers/Test.php(14): CodeIgniter\Database\BaseConnection->query()
#4 /home/finaritra/Documents/S4-design/codeigniter_sqlite/system/CodeIgniter.php(951): App\Controllers\Test->index()
#5 /home/finaritra/Documents/S4-design/codeigniter_sqlite/system/CodeIgniter.php(497): CodeIgniter\CodeIgniter->runController()
#6 /home/finaritra/Documents/S4-design/codeigniter_sqlite/system/CodeIgniter.php(340): CodeIgniter\CodeIgniter->handleRequest()
#7 /home/finaritra/Documents/S4-design/codeigniter_sqlite/system/Boot.php(417): CodeIgniter\CodeIgniter->run()
#8 /home/finaritra/Documents/S4-design/codeigniter_sqlite/system/Boot.php(68): CodeIgniter\Boot::runCodeIgniter()
#9 /home/finaritra/Documents/S4-design/codeigniter_sqlite/public/index.php(59): CodeIgniter\Boot::bootWeb()
#10 {main}
CRITICAL - 2026-05-19 06:12:27 --> CodeIgniter\Database\Exceptions\DatabaseException: Unable to connect to the database.
Main connection [MySQLi]: Trying to access array offset on value of type null
[Method: GET, Route: test]
in SYSTEMPATH/Database/BaseConnection.php on line 606.
 1 SYSTEMPATH/Database/BaseConnection.php(795): CodeIgniter\Database\BaseConnection->initialize()
 2 APPPATH/Controllers/Test.php(14): CodeIgniter\Database\BaseConnection->query()
 3 SYSTEMPATH/CodeIgniter.php(951): App\Controllers\Test->index()
 4 SYSTEMPATH/CodeIgniter.php(497): CodeIgniter\CodeIgniter->runController()
 5 SYSTEMPATH/CodeIgniter.php(340): CodeIgniter\CodeIgniter->handleRequest()
 6 SYSTEMPATH/Boot.php(417): CodeIgniter\CodeIgniter->run()
 7 SYSTEMPATH/Boot.php(68): CodeIgniter\Boot::runCodeIgniter()
 8 FCPATH/index.php(59): CodeIgniter\Boot::bootWeb()
ERROR - 2026-05-19 06:14:38 --> Error connecting to the database: ErrorException: Trying to access array offset on value of type null in /home/finaritra/Documents/S4-design/codeigniter_sqlite/system/Database/MySQLi/Connection.php:105
Stack trace:
#0 /home/finaritra/Documents/S4-design/codeigniter_sqlite/system/Database/MySQLi/Connection.php(105): CodeIgniter\Debug\Exceptions->errorHandler()
#1 /home/finaritra/Documents/S4-design/codeigniter_sqlite/system/Database/BaseConnection.php(555): CodeIgniter\Database\MySQLi\Connection->connect()
#2 /home/finaritra/Documents/S4-design/codeigniter_sqlite/system/Database/BaseConnection.php(795): CodeIgniter\Database\BaseConnection->initialize()
#3 /home/finaritra/Documents/S4-design/codeigniter_sqlite/app/Controllers/Test.php(14): CodeIgniter\Database\BaseConnection->query()
#4 /home/finaritra/Documents/S4-design/codeigniter_sqlite/system/CodeIgniter.php(951): App\Controllers\Test->index()
#5 /home/finaritra/Documents/S4-design/codeigniter_sqlite/system/CodeIgniter.php(497): CodeIgniter\CodeIgniter->runController()
#6 /home/finaritra/Documents/S4-design/codeigniter_sqlite/system/CodeIgniter.php(340): CodeIgniter\CodeIgniter->handleRequest()
#7 /home/finaritra/Documents/S4-design/codeigniter_sqlite/system/Boot.php(417): CodeIgniter\CodeIgniter->run()
#8 /home/finaritra/Documents/S4-design/codeigniter_sqlite/system/Boot.php(68): CodeIgniter\Boot::runCodeIgniter()
#9 /home/finaritra/Documents/S4-design/codeigniter_sqlite/public/index.php(59): CodeIgniter\Boot::bootWeb()
#10 {main}
CRITICAL - 2026-05-19 06:14:38 --> CodeIgniter\Database\Exceptions\DatabaseException: Unable to connect to the database.
Main connection [MySQLi]: Trying to access array offset on value of type null
[Method: GET, Route: test]
in SYSTEMPATH/Database/BaseConnection.php on line 606.
 1 SYSTEMPATH/Database/BaseConnection.php(795): CodeIgniter\Database\BaseConnection->initialize()
 2 APPPATH/Controllers/Test.php(14): CodeIgniter\Database\BaseConnection->query()
 3 SYSTEMPATH/CodeIgniter.php(951): App\Controllers\Test->index()
 4 SYSTEMPATH/CodeIgniter.php(497): CodeIgniter\CodeIgniter->runController()
 5 SYSTEMPATH/CodeIgniter.php(340): CodeIgniter\CodeIgniter->handleRequest()
 6 SYSTEMPATH/Boot.php(417): CodeIgniter\CodeIgniter->run()
 7 SYSTEMPATH/Boot.php(68): CodeIgniter\Boot::runCodeIgniter()
 8 FCPATH/index.php(59): CodeIgniter\Boot::bootWeb()
ERROR - 2026-05-19 06:14:39 --> Error connecting to the database: ErrorException: Trying to access array offset on value of type null in /home/finaritra/Documents/S4-design/codeigniter_sqlite/system/Database/MySQLi/Connection.php:105
Stack trace:
#0 /home/finaritra/Documents/S4-design/codeigniter_sqlite/system/Database/MySQLi/Connection.php(105): CodeIgniter\Debug\Exceptions->errorHandler()
#1 /home/finaritra/Documents/S4-design/codeigniter_sqlite/system/Database/BaseConnection.php(555): CodeIgniter\Database\MySQLi\Connection->connect()
#2 /home/finaritra/Documents/S4-design/codeigniter_sqlite/system/Database/BaseConnection.php(795): CodeIgniter\Database\BaseConnection->initialize()
#3 /home/finaritra/Documents/S4-design/codeigniter_sqlite/app/Controllers/Test.php(14): CodeIgniter\Database\BaseConnection->query()
#4 /home/finaritra/Documents/S4-design/codeigniter_sqlite/system/CodeIgniter.php(951): App\Controllers\Test->index()
#5 /home/finaritra/Documents/S4-design/codeigniter_sqlite/system/CodeIgniter.php(497): CodeIgniter\CodeIgniter->runController()
#6 /home/finaritra/Documents/S4-design/codeigniter_sqlite/system/CodeIgniter.php(340): CodeIgniter\CodeIgniter->handleRequest()
#7 /home/finaritra/Documents/S4-design/codeigniter_sqlite/system/Boot.php(417): CodeIgniter\CodeIgniter->run()
#8 /home/finaritra/Documents/S4-design/codeigniter_sqlite/system/Boot.php(68): CodeIgniter\Boot::runCodeIgniter()
#9 /home/finaritra/Documents/S4-design/codeigniter_sqlite/public/index.php(59): CodeIgniter\Boot::bootWeb()
#10 {main}
CRITICAL - 2026-05-19 06:14:39 --> CodeIgniter\Database\Exceptions\DatabaseException: Unable to connect to the database.
Main connection [MySQLi]: Trying to access array offset on value of type null
[Method: GET, Route: test]
in SYSTEMPATH/Database/BaseConnection.php on line 606.
 1 SYSTEMPATH/Database/BaseConnection.php(795): CodeIgniter\Database\BaseConnection->initialize()
 2 APPPATH/Controllers/Test.php(14): CodeIgniter\Database\BaseConnection->query()
 3 SYSTEMPATH/CodeIgniter.php(951): App\Controllers\Test->index()
 4 SYSTEMPATH/CodeIgniter.php(497): CodeIgniter\CodeIgniter->runController()
 5 SYSTEMPATH/CodeIgniter.php(340): CodeIgniter\CodeIgniter->handleRequest()
 6 SYSTEMPATH/Boot.php(417): CodeIgniter\CodeIgniter->run()
 7 SYSTEMPATH/Boot.php(68): CodeIgniter\Boot::runCodeIgniter()
 8 FCPATH/index.php(59): CodeIgniter\Boot::bootWeb()
ERROR - 2026-05-19 06:14:39 --> Error connecting to the database: ErrorException: Trying to access array offset on value of type null in /home/finaritra/Documents/S4-design/codeigniter_sqlite/system/Database/MySQLi/Connection.php:105
Stack trace:
#0 /home/finaritra/Documents/S4-design/codeigniter_sqlite/system/Database/MySQLi/Connection.php(105): CodeIgniter\Debug\Exceptions->errorHandler()
#1 /home/finaritra/Documents/S4-design/codeigniter_sqlite/system/Database/BaseConnection.php(555): CodeIgniter\Database\MySQLi\Connection->connect()
#2 /home/finaritra/Documents/S4-design/codeigniter_sqlite/system/Database/BaseConnection.php(795): CodeIgniter\Database\BaseConnection->initialize()
#3 /home/finaritra/Documents/S4-design/codeigniter_sqlite/app/Controllers/Test.php(14): CodeIgniter\Database\BaseConnection->query()
#4 /home/finaritra/Documents/S4-design/codeigniter_sqlite/system/CodeIgniter.php(951): App\Controllers\Test->index()
#5 /home/finaritra/Documents/S4-design/codeigniter_sqlite/system/CodeIgniter.php(497): CodeIgniter\CodeIgniter->runController()
#6 /home/finaritra/Documents/S4-design/codeigniter_sqlite/system/CodeIgniter.php(340): CodeIgniter\CodeIgniter->handleRequest()
#7 /home/finaritra/Documents/S4-design/codeigniter_sqlite/system/Boot.php(417): CodeIgniter\CodeIgniter->run()
#8 /home/finaritra/Documents/S4-design/codeigniter_sqlite/system/Boot.php(68): CodeIgniter\Boot::runCodeIgniter()
#9 /home/finaritra/Documents/S4-design/codeigniter_sqlite/public/index.php(59): CodeIgniter\Boot::bootWeb()
#10 {main}
CRITICAL - 2026-05-19 06:14:39 --> CodeIgniter\Database\Exceptions\DatabaseException: Unable to connect to the database.
Main connection [MySQLi]: Trying to access array offset on value of type null
[Method: GET, Route: test]
in SYSTEMPATH/Database/BaseConnection.php on line 606.
 1 SYSTEMPATH/Database/BaseConnection.php(795): CodeIgniter\Database\BaseConnection->initialize()
 2 APPPATH/Controllers/Test.php(14): CodeIgniter\Database\BaseConnection->query()
 3 SYSTEMPATH/CodeIgniter.php(951): App\Controllers\Test->index()
 4 SYSTEMPATH/CodeIgniter.php(497): CodeIgniter\CodeIgniter->runController()
 5 SYSTEMPATH/CodeIgniter.php(340): CodeIgniter\CodeIgniter->handleRequest()
 6 SYSTEMPATH/Boot.php(417): CodeIgniter\CodeIgniter->run()
 7 SYSTEMPATH/Boot.php(68): CodeIgniter\Boot::runCodeIgniter()
 8 FCPATH/index.php(59): CodeIgniter\Boot::bootWeb()
ERROR - 2026-05-19 06:14:39 --> Error connecting to the database: ErrorException: Trying to access array offset on value of type null in /home/finaritra/Documents/S4-design/codeigniter_sqlite/system/Database/MySQLi/Connection.php:105
Stack trace:
#0 /home/finaritra/Documents/S4-design/codeigniter_sqlite/system/Database/MySQLi/Connection.php(105): CodeIgniter\Debug\Exceptions->errorHandler()
#1 /home/finaritra/Documents/S4-design/codeigniter_sqlite/system/Database/BaseConnection.php(555): CodeIgniter\Database\MySQLi\Connection->connect()
#2 /home/finaritra/Documents/S4-design/codeigniter_sqlite/system/Database/BaseConnection.php(795): CodeIgniter\Database\BaseConnection->initialize()
#3 /home/finaritra/Documents/S4-design/codeigniter_sqlite/app/Controllers/Test.php(14): CodeIgniter\Database\BaseConnection->query()
#4 /home/finaritra/Documents/S4-design/codeigniter_sqlite/system/CodeIgniter.php(951): App\Controllers\Test->index()
#5 /home/finaritra/Documents/S4-design/codeigniter_sqlite/system/CodeIgniter.php(497): CodeIgniter\CodeIgniter->runController()
#6 /home/finaritra/Documents/S4-design/codeigniter_sqlite/system/CodeIgniter.php(340): CodeIgniter\CodeIgniter->handleRequest()
#7 /home/finaritra/Documents/S4-design/codeigniter_sqlite/system/Boot.php(417): CodeIgniter\CodeIgniter->run()
#8 /home/finaritra/Documents/S4-design/codeigniter_sqlite/system/Boot.php(68): CodeIgniter\Boot::runCodeIgniter()
#9 /home/finaritra/Documents/S4-design/codeigniter_sqlite/public/index.php(59): CodeIgniter\Boot::bootWeb()
#10 {main}
CRITICAL - 2026-05-19 06:14:39 --> CodeIgniter\Database\Exceptions\DatabaseException: Unable to connect to the database.
Main connection [MySQLi]: Trying to access array offset on value of type null
[Method: GET, Route: test]
in SYSTEMPATH/Database/BaseConnection.php on line 606.
 1 SYSTEMPATH/Database/BaseConnection.php(795): CodeIgniter\Database\BaseConnection->initialize()
 2 APPPATH/Controllers/Test.php(14): CodeIgniter\Database\BaseConnection->query()
 3 SYSTEMPATH/CodeIgniter.php(951): App\Controllers\Test->index()
 4 SYSTEMPATH/CodeIgniter.php(497): CodeIgniter\CodeIgniter->runController()
 5 SYSTEMPATH/CodeIgniter.php(340): CodeIgniter\CodeIgniter->handleRequest()
 6 SYSTEMPATH/Boot.php(417): CodeIgniter\CodeIgniter->run()
 7 SYSTEMPATH/Boot.php(68): CodeIgniter\Boot::runCodeIgniter()
 8 FCPATH/index.php(59): CodeIgniter\Boot::bootWeb()
ERROR - 2026-05-19 06:14:39 --> Error connecting to the database: ErrorException: Trying to access array offset on value of type null in /home/finaritra/Documents/S4-design/codeigniter_sqlite/system/Database/MySQLi/Connection.php:105
Stack trace:
#0 /home/finaritra/Documents/S4-design/codeigniter_sqlite/system/Database/MySQLi/Connection.php(105): CodeIgniter\Debug\Exceptions->errorHandler()
#1 /home/finaritra/Documents/S4-design/codeigniter_sqlite/system/Database/BaseConnection.php(555): CodeIgniter\Database\MySQLi\Connection->connect()
#2 /home/finaritra/Documents/S4-design/codeigniter_sqlite/system/Database/BaseConnection.php(795): CodeIgniter\Database\BaseConnection->initialize()
#3 /home/finaritra/Documents/S4-design/codeigniter_sqlite/app/Controllers/Test.php(14): CodeIgniter\Database\BaseConnection->query()
#4 /home/finaritra/Documents/S4-design/codeigniter_sqlite/system/CodeIgniter.php(951): App\Controllers\Test->index()
#5 /home/finaritra/Documents/S4-design/codeigniter_sqlite/system/CodeIgniter.php(497): CodeIgniter\CodeIgniter->runController()
#6 /home/finaritra/Documents/S4-design/codeigniter_sqlite/system/CodeIgniter.php(340): CodeIgniter\CodeIgniter->handleRequest()
#7 /home/finaritra/Documents/S4-design/codeigniter_sqlite/system/Boot.php(417): CodeIgniter\CodeIgniter->run()
#8 /home/finaritra/Documents/S4-design/codeigniter_sqlite/system/Boot.php(68): CodeIgniter\Boot::runCodeIgniter()
#9 /home/finaritra/Documents/S4-design/codeigniter_sqlite/public/index.php(59): CodeIgniter\Boot::bootWeb()
#10 {main}
CRITICAL - 2026-05-19 06:14:39 --> CodeIgniter\Database\Exceptions\DatabaseException: Unable to connect to the database.
Main connection [MySQLi]: Trying to access array offset on value of type null
[Method: GET, Route: test]
in SYSTEMPATH/Database/BaseConnection.php on line 606.
 1 SYSTEMPATH/Database/BaseConnection.php(795): CodeIgniter\Database\BaseConnection->initialize()
 2 APPPATH/Controllers/Test.php(14): CodeIgniter\Database\BaseConnection->query()
 3 SYSTEMPATH/CodeIgniter.php(951): App\Controllers\Test->index()
 4 SYSTEMPATH/CodeIgniter.php(497): CodeIgniter\CodeIgniter->runController()
 5 SYSTEMPATH/CodeIgniter.php(340): CodeIgniter\CodeIgniter->handleRequest()
 6 SYSTEMPATH/Boot.php(417): CodeIgniter\CodeIgniter->run()
 7 SYSTEMPATH/Boot.php(68): CodeIgniter\Boot::runCodeIgniter()
 8 FCPATH/index.php(59): CodeIgniter\Boot::bootWeb()
ERROR - 2026-05-19 06:16:29 --> Error connecting to the database: Exception: Unable to open database: unable to open database file in /home/finaritra/Documents/S4-design/codeigniter_sqlite/system/Database/SQLite3/Connection.php:111
Stack trace:
#0 /home/finaritra/Documents/S4-design/codeigniter_sqlite/system/Database/SQLite3/Connection.php(111): SQLite3->__construct()
#1 /home/finaritra/Documents/S4-design/codeigniter_sqlite/system/Database/BaseConnection.php(555): CodeIgniter\Database\SQLite3\Connection->connect()
#2 /home/finaritra/Documents/S4-design/codeigniter_sqlite/system/Database/SQLite3/Connection.php(74): CodeIgniter\Database\BaseConnection->initialize()
#3 /home/finaritra/Documents/S4-design/codeigniter_sqlite/system/Database/BaseConnection.php(795): CodeIgniter\Database\SQLite3\Connection->initialize()
#4 /home/finaritra/Documents/S4-design/codeigniter_sqlite/app/Controllers/Test.php(14): CodeIgniter\Database\BaseConnection->query()
#5 /home/finaritra/Documents/S4-design/codeigniter_sqlite/system/CodeIgniter.php(951): App\Controllers\Test->index()
#6 /home/finaritra/Documents/S4-design/codeigniter_sqlite/system/CodeIgniter.php(497): CodeIgniter\CodeIgniter->runController()
#7 /home/finaritra/Documents/S4-design/codeigniter_sqlite/system/CodeIgniter.php(340): CodeIgniter\CodeIgniter->handleRequest()
#8 /home/finaritra/Documents/S4-design/codeigniter_sqlite/system/Boot.php(417): CodeIgniter\CodeIgniter->run()
#9 /home/finaritra/Documents/S4-design/codeigniter_sqlite/system/Boot.php(68): CodeIgniter\Boot::runCodeIgniter()
#10 /home/finaritra/Documents/S4-design/codeigniter_sqlite/public/index.php(59): CodeIgniter\Boot::bootWeb()
#11 {main}

Next CodeIgniter\Database\Exceptions\DatabaseException: SQLite3 error: Unable to open database: unable to open database file in /home/finaritra/Documents/S4-design/codeigniter_sqlite/system/Database/SQLite3/Connection.php:118
Stack trace:
#0 /home/finaritra/Documents/S4-design/codeigniter_sqlite/system/Database/BaseConnection.php(555): CodeIgniter\Database\SQLite3\Connection->connect()
#1 /home/finaritra/Documents/S4-design/codeigniter_sqlite/system/Database/SQLite3/Connection.php(74): CodeIgniter\Database\BaseConnection->initialize()
#2 /home/finaritra/Documents/S4-design/codeigniter_sqlite/system/Database/BaseConnection.php(795): CodeIgniter\Database\SQLite3\Connection->initialize()
#3 /home/finaritra/Documents/S4-design/codeigniter_sqlite/app/Controllers/Test.php(14): CodeIgniter\Database\BaseConnection->query()
#4 /home/finaritra/Documents/S4-design/codeigniter_sqlite/system/CodeIgniter.php(951): App\Controllers\Test->index()
#5 /home/finaritra/Documents/S4-design/codeigniter_sqlite/system/CodeIgniter.php(497): CodeIgniter\CodeIgniter->runController()
#6 /home/finaritra/Documents/S4-design/codeigniter_sqlite/system/CodeIgniter.php(340): CodeIgniter\CodeIgniter->handleRequest()
#7 /home/finaritra/Documents/S4-design/codeigniter_sqlite/system/Boot.php(417): CodeIgniter\CodeIgniter->run()
#8 /home/finaritra/Documents/S4-design/codeigniter_sqlite/system/Boot.php(68): CodeIgniter\Boot::runCodeIgniter()
#9 /home/finaritra/Documents/S4-design/codeigniter_sqlite/public/index.php(59): CodeIgniter\Boot::bootWeb()
#10 {main}
CRITICAL - 2026-05-19 06:16:29 --> CodeIgniter\Database\Exceptions\DatabaseException: Unable to connect to the database.
Main connection [SQLite3]: SQLite3 error: Unable to open database: unable to open database file
[Method: GET, Route: test]
in SYSTEMPATH/Database/BaseConnection.php on line 606.
 1 SYSTEMPATH/Database/SQLite3/Connection.php(74): CodeIgniter\Database\BaseConnection->initialize()
 2 SYSTEMPATH/Database/BaseConnection.php(795): CodeIgniter\Database\SQLite3\Connection->initialize()
 3 APPPATH/Controllers/Test.php(14): CodeIgniter\Database\BaseConnection->query()
 4 SYSTEMPATH/CodeIgniter.php(951): App\Controllers\Test->index()
 5 SYSTEMPATH/CodeIgniter.php(497): CodeIgniter\CodeIgniter->runController()
 6 SYSTEMPATH/CodeIgniter.php(340): CodeIgniter\CodeIgniter->handleRequest()
 7 SYSTEMPATH/Boot.php(417): CodeIgniter\CodeIgniter->run()
 8 SYSTEMPATH/Boot.php(68): CodeIgniter\Boot::runCodeIgniter()
 9 FCPATH/index.php(59): CodeIgniter\Boot::bootWeb()
ERROR - 2026-05-19 06:16:30 --> Error connecting to the database: Exception: Unable to open database: unable to open database file in /home/finaritra/Documents/S4-design/codeigniter_sqlite/system/Database/SQLite3/Connection.php:111
Stack trace:
#0 /home/finaritra/Documents/S4-design/codeigniter_sqlite/system/Database/SQLite3/Connection.php(111): SQLite3->__construct()
#1 /home/finaritra/Documents/S4-design/codeigniter_sqlite/system/Database/BaseConnection.php(555): CodeIgniter\Database\SQLite3\Connection->connect()
#2 /home/finaritra/Documents/S4-design/codeigniter_sqlite/system/Database/SQLite3/Connection.php(74): CodeIgniter\Database\BaseConnection->initialize()
#3 /home/finaritra/Documents/S4-design/codeigniter_sqlite/system/Database/BaseConnection.php(795): CodeIgniter\Database\SQLite3\Connection->initialize()
#4 /home/finaritra/Documents/S4-design/codeigniter_sqlite/app/Controllers/Test.php(14): CodeIgniter\Database\BaseConnection->query()
#5 /home/finaritra/Documents/S4-design/codeigniter_sqlite/system/CodeIgniter.php(951): App\Controllers\Test->index()
#6 /home/finaritra/Documents/S4-design/codeigniter_sqlite/system/CodeIgniter.php(497): CodeIgniter\CodeIgniter->runController()
#7 /home/finaritra/Documents/S4-design/codeigniter_sqlite/system/CodeIgniter.php(340): CodeIgniter\CodeIgniter->handleRequest()
#8 /home/finaritra/Documents/S4-design/codeigniter_sqlite/system/Boot.php(417): CodeIgniter\CodeIgniter->run()
#9 /home/finaritra/Documents/S4-design/codeigniter_sqlite/system/Boot.php(68): CodeIgniter\Boot::runCodeIgniter()
#10 /home/finaritra/Documents/S4-design/codeigniter_sqlite/public/index.php(59): CodeIgniter\Boot::bootWeb()
#11 {main}

Next CodeIgniter\Database\Exceptions\DatabaseException: SQLite3 error: Unable to open database: unable to open database file in /home/finaritra/Documents/S4-design/codeigniter_sqlite/system/Database/SQLite3/Connection.php:118
Stack trace:
#0 /home/finaritra/Documents/S4-design/codeigniter_sqlite/system/Database/BaseConnection.php(555): CodeIgniter\Database\SQLite3\Connection->connect()
#1 /home/finaritra/Documents/S4-design/codeigniter_sqlite/system/Database/SQLite3/Connection.php(74): CodeIgniter\Database\BaseConnection->initialize()
#2 /home/finaritra/Documents/S4-design/codeigniter_sqlite/system/Database/BaseConnection.php(795): CodeIgniter\Database\SQLite3\Connection->initialize()
#3 /home/finaritra/Documents/S4-design/codeigniter_sqlite/app/Controllers/Test.php(14): CodeIgniter\Database\BaseConnection->query()
#4 /home/finaritra/Documents/S4-design/codeigniter_sqlite/system/CodeIgniter.php(951): App\Controllers\Test->index()
#5 /home/finaritra/Documents/S4-design/codeigniter_sqlite/system/CodeIgniter.php(497): CodeIgniter\CodeIgniter->runController()
#6 /home/finaritra/Documents/S4-design/codeigniter_sqlite/system/CodeIgniter.php(340): CodeIgniter\CodeIgniter->handleRequest()
#7 /home/finaritra/Documents/S4-design/codeigniter_sqlite/system/Boot.php(417): CodeIgniter\CodeIgniter->run()
#8 /home/finaritra/Documents/S4-design/codeigniter_sqlite/system/Boot.php(68): CodeIgniter\Boot::runCodeIgniter()
#9 /home/finaritra/Documents/S4-design/codeigniter_sqlite/public/index.php(59): CodeIgniter\Boot::bootWeb()
#10 {main}
CRITICAL - 2026-05-19 06:16:30 --> CodeIgniter\Database\Exceptions\DatabaseException: Unable to connect to the database.
Main connection [SQLite3]: SQLite3 error: Unable to open database: unable to open database file
[Method: GET, Route: test]
in SYSTEMPATH/Database/BaseConnection.php on line 606.
 1 SYSTEMPATH/Database/SQLite3/Connection.php(74): CodeIgniter\Database\BaseConnection->initialize()
 2 SYSTEMPATH/Database/BaseConnection.php(795): CodeIgniter\Database\SQLite3\Connection->initialize()
 3 APPPATH/Controllers/Test.php(14): CodeIgniter\Database\BaseConnection->query()
 4 SYSTEMPATH/CodeIgniter.php(951): App\Controllers\Test->index()
 5 SYSTEMPATH/CodeIgniter.php(497): CodeIgniter\CodeIgniter->runController()
 6 SYSTEMPATH/CodeIgniter.php(340): CodeIgniter\CodeIgniter->handleRequest()
 7 SYSTEMPATH/Boot.php(417): CodeIgniter\CodeIgniter->run()
 8 SYSTEMPATH/Boot.php(68): CodeIgniter\Boot::runCodeIgniter()
 9 FCPATH/index.php(59): CodeIgniter\Boot::bootWeb()
ERROR - 2026-05-19 06:16:32 --> Error connecting to the database: Exception: Unable to open database: unable to open database file in /home/finaritra/Documents/S4-design/codeigniter_sqlite/system/Database/SQLite3/Connection.php:111
Stack trace:
#0 /home/finaritra/Documents/S4-design/codeigniter_sqlite/system/Database/SQLite3/Connection.php(111): SQLite3->__construct()
#1 /home/finaritra/Documents/S4-design/codeigniter_sqlite/system/Database/BaseConnection.php(555): CodeIgniter\Database\SQLite3\Connection->connect()
#2 /home/finaritra/Documents/S4-design/codeigniter_sqlite/system/Database/SQLite3/Connection.php(74): CodeIgniter\Database\BaseConnection->initialize()
#3 /home/finaritra/Documents/S4-design/codeigniter_sqlite/system/Database/BaseConnection.php(795): CodeIgniter\Database\SQLite3\Connection->initialize()
#4 /home/finaritra/Documents/S4-design/codeigniter_sqlite/app/Controllers/Test.php(14): CodeIgniter\Database\BaseConnection->query()
#5 /home/finaritra/Documents/S4-design/codeigniter_sqlite/system/CodeIgniter.php(951): App\Controllers\Test->index()
#6 /home/finaritra/Documents/S4-design/codeigniter_sqlite/system/CodeIgniter.php(497): CodeIgniter\CodeIgniter->runController()
#7 /home/finaritra/Documents/S4-design/codeigniter_sqlite/system/CodeIgniter.php(340): CodeIgniter\CodeIgniter->handleRequest()
#8 /home/finaritra/Documents/S4-design/codeigniter_sqlite/system/Boot.php(417): CodeIgniter\CodeIgniter->run()
#9 /home/finaritra/Documents/S4-design/codeigniter_sqlite/system/Boot.php(68): CodeIgniter\Boot::runCodeIgniter()
#10 /home/finaritra/Documents/S4-design/codeigniter_sqlite/public/index.php(59): CodeIgniter\Boot::bootWeb()
#11 {main}

Next CodeIgniter\Database\Exceptions\DatabaseException: SQLite3 error: Unable to open database: unable to open database file in /home/finaritra/Documents/S4-design/codeigniter_sqlite/system/Database/SQLite3/Connection.php:118
Stack trace:
#0 /home/finaritra/Documents/S4-design/codeigniter_sqlite/system/Database/BaseConnection.php(555): CodeIgniter\Database\SQLite3\Connection->connect()
#1 /home/finaritra/Documents/S4-design/codeigniter_sqlite/system/Database/SQLite3/Connection.php(74): CodeIgniter\Database\BaseConnection->initialize()
#2 /home/finaritra/Documents/S4-design/codeigniter_sqlite/system/Database/BaseConnection.php(795): CodeIgniter\Database\SQLite3\Connection->initialize()
#3 /home/finaritra/Documents/S4-design/codeigniter_sqlite/app/Controllers/Test.php(14): CodeIgniter\Database\BaseConnection->query()
#4 /home/finaritra/Documents/S4-design/codeigniter_sqlite/system/CodeIgniter.php(951): App\Controllers\Test->index()
#5 /home/finaritra/Documents/S4-design/codeigniter_sqlite/system/CodeIgniter.php(497): CodeIgniter\CodeIgniter->runController()
#6 /home/finaritra/Documents/S4-design/codeigniter_sqlite/system/CodeIgniter.php(340): CodeIgniter\CodeIgniter->handleRequest()
#7 /home/finaritra/Documents/S4-design/codeigniter_sqlite/system/Boot.php(417): CodeIgniter\CodeIgniter->run()
#8 /home/finaritra/Documents/S4-design/codeigniter_sqlite/system/Boot.php(68): CodeIgniter\Boot::runCodeIgniter()
#9 /home/finaritra/Documents/S4-design/codeigniter_sqlite/public/index.php(59): CodeIgniter\Boot::bootWeb()
#10 {main}
CRITICAL - 2026-05-19 06:16:32 --> CodeIgniter\Database\Exceptions\DatabaseException: Unable to connect to the database.
Main connection [SQLite3]: SQLite3 error: Unable to open database: unable to open database file
[Method: GET, Route: test]
in SYSTEMPATH/Database/BaseConnection.php on line 606.
 1 SYSTEMPATH/Database/SQLite3/Connection.php(74): CodeIgniter\Database\BaseConnection->initialize()
 2 SYSTEMPATH/Database/BaseConnection.php(795): CodeIgniter\Database\SQLite3\Connection->initialize()
 3 APPPATH/Controllers/Test.php(14): CodeIgniter\Database\BaseConnection->query()
 4 SYSTEMPATH/CodeIgniter.php(951): App\Controllers\Test->index()
 5 SYSTEMPATH/CodeIgniter.php(497): CodeIgniter\CodeIgniter->runController()
 6 SYSTEMPATH/CodeIgniter.php(340): CodeIgniter\CodeIgniter->handleRequest()
 7 SYSTEMPATH/Boot.php(417): CodeIgniter\CodeIgniter->run()
 8 SYSTEMPATH/Boot.php(68): CodeIgniter\Boot::runCodeIgniter()
 9 FCPATH/index.php(59): CodeIgniter\Boot::bootWeb()
ERROR - 2026-05-19 06:16:32 --> Error connecting to the database: Exception: Unable to open database: unable to open database file in /home/finaritra/Documents/S4-design/codeigniter_sqlite/system/Database/SQLite3/Connection.php:111
Stack trace:
#0 /home/finaritra/Documents/S4-design/codeigniter_sqlite/system/Database/SQLite3/Connection.php(111): SQLite3->__construct()
#1 /home/finaritra/Documents/S4-design/codeigniter_sqlite/system/Database/BaseConnection.php(555): CodeIgniter\Database\SQLite3\Connection->connect()
#2 /home/finaritra/Documents/S4-design/codeigniter_sqlite/system/Database/SQLite3/Connection.php(74): CodeIgniter\Database\BaseConnection->initialize()
#3 /home/finaritra/Documents/S4-design/codeigniter_sqlite/system/Database/BaseConnection.php(795): CodeIgniter\Database\SQLite3\Connection->initialize()
#4 /home/finaritra/Documents/S4-design/codeigniter_sqlite/app/Controllers/Test.php(14): CodeIgniter\Database\BaseConnection->query()
#5 /home/finaritra/Documents/S4-design/codeigniter_sqlite/system/CodeIgniter.php(951): App\Controllers\Test->index()
#6 /home/finaritra/Documents/S4-design/codeigniter_sqlite/system/CodeIgniter.php(497): CodeIgniter\CodeIgniter->runController()
#7 /home/finaritra/Documents/S4-design/codeigniter_sqlite/system/CodeIgniter.php(340): CodeIgniter\CodeIgniter->handleRequest()
#8 /home/finaritra/Documents/S4-design/codeigniter_sqlite/system/Boot.php(417): CodeIgniter\CodeIgniter->run()
#9 /home/finaritra/Documents/S4-design/codeigniter_sqlite/system/Boot.php(68): CodeIgniter\Boot::runCodeIgniter()
#10 /home/finaritra/Documents/S4-design/codeigniter_sqlite/public/index.php(59): CodeIgniter\Boot::bootWeb()
#11 {main}

Next CodeIgniter\Database\Exceptions\DatabaseException: SQLite3 error: Unable to open database: unable to open database file in /home/finaritra/Documents/S4-design/codeigniter_sqlite/system/Database/SQLite3/Connection.php:118
Stack trace:
#0 /home/finaritra/Documents/S4-design/codeigniter_sqlite/system/Database/BaseConnection.php(555): CodeIgniter\Database\SQLite3\Connection->connect()
#1 /home/finaritra/Documents/S4-design/codeigniter_sqlite/system/Database/SQLite3/Connection.php(74): CodeIgniter\Database\BaseConnection->initialize()
#2 /home/finaritra/Documents/S4-design/codeigniter_sqlite/system/Database/BaseConnection.php(795): CodeIgniter\Database\SQLite3\Connection->initialize()
#3 /home/finaritra/Documents/S4-design/codeigniter_sqlite/app/Controllers/Test.php(14): CodeIgniter\Database\BaseConnection->query()
#4 /home/finaritra/Documents/S4-design/codeigniter_sqlite/system/CodeIgniter.php(951): App\Controllers\Test->index()
#5 /home/finaritra/Documents/S4-design/codeigniter_sqlite/system/CodeIgniter.php(497): CodeIgniter\CodeIgniter->runController()
#6 /home/finaritra/Documents/S4-design/codeigniter_sqlite/system/CodeIgniter.php(340): CodeIgniter\CodeIgniter->handleRequest()
#7 /home/finaritra/Documents/S4-design/codeigniter_sqlite/system/Boot.php(417): CodeIgniter\CodeIgniter->run()
#8 /home/finaritra/Documents/S4-design/codeigniter_sqlite/system/Boot.php(68): CodeIgniter\Boot::runCodeIgniter()
#9 /home/finaritra/Documents/S4-design/codeigniter_sqlite/public/index.php(59): CodeIgniter\Boot::bootWeb()
#10 {main}
CRITICAL - 2026-05-19 06:16:32 --> CodeIgniter\Database\Exceptions\DatabaseException: Unable to connect to the database.
Main connection [SQLite3]: SQLite3 error: Unable to open database: unable to open database file
[Method: GET, Route: test]
in SYSTEMPATH/Database/BaseConnection.php on line 606.
 1 SYSTEMPATH/Database/SQLite3/Connection.php(74): CodeIgniter\Database\BaseConnection->initialize()
 2 SYSTEMPATH/Database/BaseConnection.php(795): CodeIgniter\Database\SQLite3\Connection->initialize()
 3 APPPATH/Controllers/Test.php(14): CodeIgniter\Database\BaseConnection->query()
 4 SYSTEMPATH/CodeIgniter.php(951): App\Controllers\Test->index()
 5 SYSTEMPATH/CodeIgniter.php(497): CodeIgniter\CodeIgniter->runController()
 6 SYSTEMPATH/CodeIgniter.php(340): CodeIgniter\CodeIgniter->handleRequest()
 7 SYSTEMPATH/Boot.php(417): CodeIgniter\CodeIgniter->run()
 8 SYSTEMPATH/Boot.php(68): CodeIgniter\Boot::runCodeIgniter()
 9 FCPATH/index.php(59): CodeIgniter\Boot::bootWeb()
ERROR - 2026-05-19 06:16:32 --> Error connecting to the database: Exception: Unable to open database: unable to open database file in /home/finaritra/Documents/S4-design/codeigniter_sqlite/system/Database/SQLite3/Connection.php:111
Stack trace:
#0 /home/finaritra/Documents/S4-design/codeigniter_sqlite/system/Database/SQLite3/Connection.php(111): SQLite3->__construct()
#1 /home/finaritra/Documents/S4-design/codeigniter_sqlite/system/Database/BaseConnection.php(555): CodeIgniter\Database\SQLite3\Connection->connect()
#2 /home/finaritra/Documents/S4-design/codeigniter_sqlite/system/Database/SQLite3/Connection.php(74): CodeIgniter\Database\BaseConnection->initialize()
#3 /home/finaritra/Documents/S4-design/codeigniter_sqlite/system/Database/BaseConnection.php(795): CodeIgniter\Database\SQLite3\Connection->initialize()
#4 /home/finaritra/Documents/S4-design/codeigniter_sqlite/app/Controllers/Test.php(14): CodeIgniter\Database\BaseConnection->query()
#5 /home/finaritra/Documents/S4-design/codeigniter_sqlite/system/CodeIgniter.php(951): App\Controllers\Test->index()
#6 /home/finaritra/Documents/S4-design/codeigniter_sqlite/system/CodeIgniter.php(497): CodeIgniter\CodeIgniter->runController()
#7 /home/finaritra/Documents/S4-design/codeigniter_sqlite/system/CodeIgniter.php(340): CodeIgniter\CodeIgniter->handleRequest()
#8 /home/finaritra/Documents/S4-design/codeigniter_sqlite/system/Boot.php(417): CodeIgniter\CodeIgniter->run()
#9 /home/finaritra/Documents/S4-design/codeigniter_sqlite/system/Boot.php(68): CodeIgniter\Boot::runCodeIgniter()
#10 /home/finaritra/Documents/S4-design/codeigniter_sqlite/public/index.php(59): CodeIgniter\Boot::bootWeb()
#11 {main}

Next CodeIgniter\Database\Exceptions\DatabaseException: SQLite3 error: Unable to open database: unable to open database file in /home/finaritra/Documents/S4-design/codeigniter_sqlite/system/Database/SQLite3/Connection.php:118
Stack trace:
#0 /home/finaritra/Documents/S4-design/codeigniter_sqlite/system/Database/BaseConnection.php(555): CodeIgniter\Database\SQLite3\Connection->connect()
#1 /home/finaritra/Documents/S4-design/codeigniter_sqlite/system/Database/SQLite3/Connection.php(74): CodeIgniter\Database\BaseConnection->initialize()
#2 /home/finaritra/Documents/S4-design/codeigniter_sqlite/system/Database/BaseConnection.php(795): CodeIgniter\Database\SQLite3\Connection->initialize()
#3 /home/finaritra/Documents/S4-design/codeigniter_sqlite/app/Controllers/Test.php(14): CodeIgniter\Database\BaseConnection->query()
#4 /home/finaritra/Documents/S4-design/codeigniter_sqlite/system/CodeIgniter.php(951): App\Controllers\Test->index()
#5 /home/finaritra/Documents/S4-design/codeigniter_sqlite/system/CodeIgniter.php(497): CodeIgniter\CodeIgniter->runController()
#6 /home/finaritra/Documents/S4-design/codeigniter_sqlite/system/CodeIgniter.php(340): CodeIgniter\CodeIgniter->handleRequest()
#7 /home/finaritra/Documents/S4-design/codeigniter_sqlite/system/Boot.php(417): CodeIgniter\CodeIgniter->run()
#8 /home/finaritra/Documents/S4-design/codeigniter_sqlite/system/Boot.php(68): CodeIgniter\Boot::runCodeIgniter()
#9 /home/finaritra/Documents/S4-design/codeigniter_sqlite/public/index.php(59): CodeIgniter\Boot::bootWeb()
#10 {main}
CRITICAL - 2026-05-19 06:16:32 --> CodeIgniter\Database\Exceptions\DatabaseException: Unable to connect to the database.
Main connection [SQLite3]: SQLite3 error: Unable to open database: unable to open database file
[Method: GET, Route: test]
in SYSTEMPATH/Database/BaseConnection.php on line 606.
 1 SYSTEMPATH/Database/SQLite3/Connection.php(74): CodeIgniter\Database\BaseConnection->initialize()
 2 SYSTEMPATH/Database/BaseConnection.php(795): CodeIgniter\Database\SQLite3\Connection->initialize()
 3 APPPATH/Controllers/Test.php(14): CodeIgniter\Database\BaseConnection->query()
 4 SYSTEMPATH/CodeIgniter.php(951): App\Controllers\Test->index()
 5 SYSTEMPATH/CodeIgniter.php(497): CodeIgniter\CodeIgniter->runController()
 6 SYSTEMPATH/CodeIgniter.php(340): CodeIgniter\CodeIgniter->handleRequest()
 7 SYSTEMPATH/Boot.php(417): CodeIgniter\CodeIgniter->run()
 8 SYSTEMPATH/Boot.php(68): CodeIgniter\Boot::runCodeIgniter()
 9 FCPATH/index.php(59): CodeIgniter\Boot::bootWeb()
ERROR - 2026-05-19 06:16:33 --> Error connecting to the database: Exception: Unable to open database: unable to open database file in /home/finaritra/Documents/S4-design/codeigniter_sqlite/system/Database/SQLite3/Connection.php:111
Stack trace:
#0 /home/finaritra/Documents/S4-design/codeigniter_sqlite/system/Database/SQLite3/Connection.php(111): SQLite3->__construct()
#1 /home/finaritra/Documents/S4-design/codeigniter_sqlite/system/Database/BaseConnection.php(555): CodeIgniter\Database\SQLite3\Connection->connect()
#2 /home/finaritra/Documents/S4-design/codeigniter_sqlite/system/Database/SQLite3/Connection.php(74): CodeIgniter\Database\BaseConnection->initialize()
#3 /home/finaritra/Documents/S4-design/codeigniter_sqlite/system/Database/BaseConnection.php(795): CodeIgniter\Database\SQLite3\Connection->initialize()
#4 /home/finaritra/Documents/S4-design/codeigniter_sqlite/app/Controllers/Test.php(14): CodeIgniter\Database\BaseConnection->query()
#5 /home/finaritra/Documents/S4-design/codeigniter_sqlite/system/CodeIgniter.php(951): App\Controllers\Test->index()
#6 /home/finaritra/Documents/S4-design/codeigniter_sqlite/system/CodeIgniter.php(497): CodeIgniter\CodeIgniter->runController()
#7 /home/finaritra/Documents/S4-design/codeigniter_sqlite/system/CodeIgniter.php(340): CodeIgniter\CodeIgniter->handleRequest()
#8 /home/finaritra/Documents/S4-design/codeigniter_sqlite/system/Boot.php(417): CodeIgniter\CodeIgniter->run()
#9 /home/finaritra/Documents/S4-design/codeigniter_sqlite/system/Boot.php(68): CodeIgniter\Boot::runCodeIgniter()
#10 /home/finaritra/Documents/S4-design/codeigniter_sqlite/public/index.php(59): CodeIgniter\Boot::bootWeb()
#11 {main}

Next CodeIgniter\Database\Exceptions\DatabaseException: SQLite3 error: Unable to open database: unable to open database file in /home/finaritra/Documents/S4-design/codeigniter_sqlite/system/Database/SQLite3/Connection.php:118
Stack trace:
#0 /home/finaritra/Documents/S4-design/codeigniter_sqlite/system/Database/BaseConnection.php(555): CodeIgniter\Database\SQLite3\Connection->connect()
#1 /home/finaritra/Documents/S4-design/codeigniter_sqlite/system/Database/SQLite3/Connection.php(74): CodeIgniter\Database\BaseConnection->initialize()
#2 /home/finaritra/Documents/S4-design/codeigniter_sqlite/system/Database/BaseConnection.php(795): CodeIgniter\Database\SQLite3\Connection->initialize()
#3 /home/finaritra/Documents/S4-design/codeigniter_sqlite/app/Controllers/Test.php(14): CodeIgniter\Database\BaseConnection->query()
#4 /home/finaritra/Documents/S4-design/codeigniter_sqlite/system/CodeIgniter.php(951): App\Controllers\Test->index()
#5 /home/finaritra/Documents/S4-design/codeigniter_sqlite/system/CodeIgniter.php(497): CodeIgniter\CodeIgniter->runController()
#6 /home/finaritra/Documents/S4-design/codeigniter_sqlite/system/CodeIgniter.php(340): CodeIgniter\CodeIgniter->handleRequest()
#7 /home/finaritra/Documents/S4-design/codeigniter_sqlite/system/Boot.php(417): CodeIgniter\CodeIgniter->run()
#8 /home/finaritra/Documents/S4-design/codeigniter_sqlite/system/Boot.php(68): CodeIgniter\Boot::runCodeIgniter()
#9 /home/finaritra/Documents/S4-design/codeigniter_sqlite/public/index.php(59): CodeIgniter\Boot::bootWeb()
#10 {main}
CRITICAL - 2026-05-19 06:16:33 --> CodeIgniter\Database\Exceptions\DatabaseException: Unable to connect to the database.
Main connection [SQLite3]: SQLite3 error: Unable to open database: unable to open database file
[Method: GET, Route: test]
in SYSTEMPATH/Database/BaseConnection.php on line 606.
 1 SYSTEMPATH/Database/SQLite3/Connection.php(74): CodeIgniter\Database\BaseConnection->initialize()
 2 SYSTEMPATH/Database/BaseConnection.php(795): CodeIgniter\Database\SQLite3\Connection->initialize()
 3 APPPATH/Controllers/Test.php(14): CodeIgniter\Database\BaseConnection->query()
 4 SYSTEMPATH/CodeIgniter.php(951): App\Controllers\Test->index()
 5 SYSTEMPATH/CodeIgniter.php(497): CodeIgniter\CodeIgniter->runController()
 6 SYSTEMPATH/CodeIgniter.php(340): CodeIgniter\CodeIgniter->handleRequest()
 7 SYSTEMPATH/Boot.php(417): CodeIgniter\CodeIgniter->run()
 8 SYSTEMPATH/Boot.php(68): CodeIgniter\Boot::runCodeIgniter()
 9 FCPATH/index.php(59): CodeIgniter\Boot::bootWeb()
ERROR - 2026-05-19 06:16:33 --> Error connecting to the database: Exception: Unable to open database: unable to open database file in /home/finaritra/Documents/S4-design/codeigniter_sqlite/system/Database/SQLite3/Connection.php:111
Stack trace:
#0 /home/finaritra/Documents/S4-design/codeigniter_sqlite/system/Database/SQLite3/Connection.php(111): SQLite3->__construct()
#1 /home/finaritra/Documents/S4-design/codeigniter_sqlite/system/Database/BaseConnection.php(555): CodeIgniter\Database\SQLite3\Connection->connect()
#2 /home/finaritra/Documents/S4-design/codeigniter_sqlite/system/Database/SQLite3/Connection.php(74): CodeIgniter\Database\BaseConnection->initialize()
#3 /home/finaritra/Documents/S4-design/codeigniter_sqlite/system/Database/BaseConnection.php(795): CodeIgniter\Database\SQLite3\Connection->initialize()
#4 /home/finaritra/Documents/S4-design/codeigniter_sqlite/app/Controllers/Test.php(14): CodeIgniter\Database\BaseConnection->query()
#5 /home/finaritra/Documents/S4-design/codeigniter_sqlite/system/CodeIgniter.php(951): App\Controllers\Test->index()
#6 /home/finaritra/Documents/S4-design/codeigniter_sqlite/system/CodeIgniter.php(497): CodeIgniter\CodeIgniter->runController()
#7 /home/finaritra/Documents/S4-design/codeigniter_sqlite/system/CodeIgniter.php(340): CodeIgniter\CodeIgniter->handleRequest()
#8 /home/finaritra/Documents/S4-design/codeigniter_sqlite/system/Boot.php(417): CodeIgniter\CodeIgniter->run()
#9 /home/finaritra/Documents/S4-design/codeigniter_sqlite/system/Boot.php(68): CodeIgniter\Boot::runCodeIgniter()
#10 /home/finaritra/Documents/S4-design/codeigniter_sqlite/public/index.php(59): CodeIgniter\Boot::bootWeb()
#11 {main}

Next CodeIgniter\Database\Exceptions\DatabaseException: SQLite3 error: Unable to open database: unable to open database file in /home/finaritra/Documents/S4-design/codeigniter_sqlite/system/Database/SQLite3/Connection.php:118
Stack trace:
#0 /home/finaritra/Documents/S4-design/codeigniter_sqlite/system/Database/BaseConnection.php(555): CodeIgniter\Database\SQLite3\Connection->connect()
#1 /home/finaritra/Documents/S4-design/codeigniter_sqlite/system/Database/SQLite3/Connection.php(74): CodeIgniter\Database\BaseConnection->initialize()
#2 /home/finaritra/Documents/S4-design/codeigniter_sqlite/system/Database/BaseConnection.php(795): CodeIgniter\Database\SQLite3\Connection->initialize()
#3 /home/finaritra/Documents/S4-design/codeigniter_sqlite/app/Controllers/Test.php(14): CodeIgniter\Database\BaseConnection->query()
#4 /home/finaritra/Documents/S4-design/codeigniter_sqlite/system/CodeIgniter.php(951): App\Controllers\Test->index()
#5 /home/finaritra/Documents/S4-design/codeigniter_sqlite/system/CodeIgniter.php(497): CodeIgniter\CodeIgniter->runController()
#6 /home/finaritra/Documents/S4-design/codeigniter_sqlite/system/CodeIgniter.php(340): CodeIgniter\CodeIgniter->handleRequest()
#7 /home/finaritra/Documents/S4-design/codeigniter_sqlite/system/Boot.php(417): CodeIgniter\CodeIgniter->run()
#8 /home/finaritra/Documents/S4-design/codeigniter_sqlite/system/Boot.php(68): CodeIgniter\Boot::runCodeIgniter()
#9 /home/finaritra/Documents/S4-design/codeigniter_sqlite/public/index.php(59): CodeIgniter\Boot::bootWeb()
#10 {main}
CRITICAL - 2026-05-19 06:16:33 --> CodeIgniter\Database\Exceptions\DatabaseException: Unable to connect to the database.
Main connection [SQLite3]: SQLite3 error: Unable to open database: unable to open database file
[Method: GET, Route: test]
in SYSTEMPATH/Database/BaseConnection.php on line 606.
 1 SYSTEMPATH/Database/SQLite3/Connection.php(74): CodeIgniter\Database\BaseConnection->initialize()
 2 SYSTEMPATH/Database/BaseConnection.php(795): CodeIgniter\Database\SQLite3\Connection->initialize()
 3 APPPATH/Controllers/Test.php(14): CodeIgniter\Database\BaseConnection->query()
 4 SYSTEMPATH/CodeIgniter.php(951): App\Controllers\Test->index()
 5 SYSTEMPATH/CodeIgniter.php(497): CodeIgniter\CodeIgniter->runController()
 6 SYSTEMPATH/CodeIgniter.php(340): CodeIgniter\CodeIgniter->handleRequest()
 7 SYSTEMPATH/Boot.php(417): CodeIgniter\CodeIgniter->run()
 8 SYSTEMPATH/Boot.php(68): CodeIgniter\Boot::runCodeIgniter()
 9 FCPATH/index.php(59): CodeIgniter\Boot::bootWeb()
